# JRE version: OpenJDK Runtime Environment (11.0.15) (build 11.0.15+0-b2043.56-9505619)
# Java VM: OpenJDK 64-Bit Server VM (11.0.15+0-b2043.56-9505619, mixed mode, tiered, compressed oops, g1 gc, windows-amd64)
Heap:
 garbage-first heap   total 121856K, used 88786K [0x00000000c8e00000, 0x0000000100000000)
  region size 1024K, 20 young (20480K), 4 survivors (4096K)
 Metaspace       used 72862K, capacity 73830K, committed 74032K, reserved 1116160K
  class space    used 7763K, capacity 8145K, committed 8240K, reserved 1048576K
GC Heap History (20 events):
Event: 8.727 GC heap before
{Heap before GC invocations=15 (full 0):
 garbage-first heap   total 83968K, used 64105K [0x00000000c8e00000, 0x0000000100000000)
  region size 1024K, 24 young (24576K), 4 survivors (4096K)
 Metaspace       used 56667K, capacity 57296K, committed 57392K, reserved 1099776K
  class space    used 6407K, capacity 6666K, committed 6704K, reserved 1048576K
}
Event: 8.741 GC heap after
{Heap after GC invocations=16 (full 0):
 garbage-first heap   total 101376K, used 46418K [0x00000000c8e00000, 0x0000000100000000)
  region size 1024K, 2 young (2048K), 2 survivors (2048K)
 Metaspace       used 56667K, capacity 57296K, committed 57392K, reserved 1099776K
  class space    used 6407K, capacity 6666K, committed 6704K, reserved 1048576K
}
Event: 9.664 GC heap before
{Heap before GC invocations=17 (full 0):
 garbage-first heap   total 101376K, used 73042K [0x00000000c8e00000, 0x0000000100000000)
  region size 1024K, 28 young (28672K), 2 survivors (2048K)
 Metaspace       used 58624K, capacity 59303K, committed 59440K, reserved 1101824K
  class space    used 6582K, capacity 6862K, committed 6960K, reserved 1048576K
}
Event: 9.677 GC heap after
{Heap after GC invocations=18 (full 0):
 garbage-first heap   total 101376K, used 49830K [0x00000000c8e00000, 0x0000000100000000)
  region size 1024K, 4 young (4096K), 4 survivors (4096K)
 Metaspace       used 58624K, capacity 59303K, committed 59440K, reserved 1101824K
  class space    used 6582K, capacity 6862K, committed 6960K, reserved 1048576K
}
Event: 10.777 GC heap before
{Heap before GC invocations=18 (full 0):
 garbage-first heap   total 101376K, used 76454K [0x00000000c8e00000, 0x0000000100000000)
  region size 1024K, 30 young (30720K), 4 survivors (4096K)
 Metaspace       used 59912K, capacity 60613K, committed 60720K, reserved 1103872K
  class space    used 6637K, capacity 6907K, committed 6960K, reserved 1048576K
}
Event: 10.797 GC heap after
{Heap after GC invocations=19 (full 0):
 garbage-first heap   total 101376K, used 53579K [0x00000000c8e00000, 0x0000000100000000)
  region size 1024K, 4 young (4096K), 4 survivors (4096K)
 Metaspace       used 59912K, capacity 60613K, committed 60720K, reserved 1103872K
  class space    used 6637K, capacity 6907K, committed 6960K, reserved 1048576K
}
Event: 12.288 GC heap before
{Heap before GC invocations=20 (full 0):
 garbage-first heap   total 101376K, used 78155K [0x00000000c8e00000, 0x0000000100000000)
  region size 1024K, 29 young (29696K), 4 survivors (4096K)
 Metaspace       used 61177K, capacity 61944K, committed 62128K, reserved 1103872K
  class space    used 6693K, capacity 7010K, committed 7088K, reserved 1048576K
}
Event: 12.300 GC heap after
{Heap after GC invocations=21 (full 0):
 garbage-first heap   total 101376K, used 55934K [0x00000000c8e00000, 0x0000000100000000)
  region size 1024K, 3 young (3072K), 3 survivors (3072K)
 Metaspace       used 61177K, capacity 61944K, committed 62128K, reserved 1103872K
  class space    used 6693K, capacity 7010K, committed 7088K, reserved 1048576K
}
Event: 13.107 GC heap before
{Heap before GC invocations=21 (full 0):
 garbage-first heap   total 101376K, used 74366K [0x00000000c8e00000, 0x0000000100000000)
  region size 1024K, 22 young (22528K), 3 survivors (3072K)
 Metaspace       used 61951K, capacity 62728K, committed 62896K, reserved 1105920K
  class space    used 6720K, capacity 7015K, committed 7088K, reserved 1048576K
}
Event: 13.119 GC heap after
{Heap after GC invocations=22 (full 0):
 garbage-first heap   total 101376K, used 57981K [0x00000000c8e00000, 0x0000000100000000)
  region size 1024K, 2 young (2048K), 2 survivors (2048K)
 Metaspace       used 61951K, capacity 62728K, committed 62896K, reserved 1105920K
  class space    used 6720K, capacity 7015K, committed 7088K, reserved 1048576K
}
Event: 13.708 GC heap before
{Heap before GC invocations=23 (full 0):
 garbage-first heap   total 101376K, used 81533K [0x00000000c8e00000, 0x0000000100000000)
  region size 1024K, 25 young (25600K), 2 survivors (2048K)
 Metaspace       used 64041K, capacity 64923K, committed 65200K, reserved 1107968K
  class space    used 6942K, capacity 7260K, committed 7344K, reserved 1048576K
}
Event: 13.718 GC heap after
{Heap after GC invocations=24 (full 0):
 garbage-first heap   total 101376K, used 59383K [0x00000000c8e00000, 0x0000000100000000)
  region size 1024K, 4 young (4096K), 4 survivors (4096K)
 Metaspace       used 64041K, capacity 64923K, committed 65200K, reserved 1107968K
  class space    used 6942K, capacity 7260K, committed 7344K, reserved 1048576K
}
Event: 14.316 GC heap before
{Heap before GC invocations=24 (full 0):
 garbage-first heap   total 101376K, used 80887K [0x00000000c8e00000, 0x0000000100000000)
  region size 1024K, 26 young (26624K), 4 survivors (4096K)
 Metaspace       used 68215K, capacity 69050K, committed 69168K, reserved 1110016K
  class space    used 7366K, capacity 7684K, committed 7728K, reserved 1048576K
}
Event: 14.331 GC heap after
{Heap after GC invocations=25 (full 0):
 garbage-first heap   total 101376K, used 61418K [0x00000000c8e00000, 0x0000000100000000)
  region size 1024K, 4 young (4096K), 4 survivors (4096K)
 Metaspace       used 68215K, capacity 69050K, committed 69168K, reserved 1110016K
  class space    used 7366K, capacity 7684K, committed 7728K, reserved 1048576K
}
Event: 14.892 GC heap before
{Heap before GC invocations=26 (full 0):
 garbage-first heap   total 101376K, used 82922K [0x00000000c8e00000, 0x0000000100000000)
  region size 1024K, 25 young (25600K), 4 survivors (4096K)
 Metaspace       used 70620K, capacity 71424K, committed 71728K, reserved 1114112K
  class space    used 7582K, capacity 7919K, committed 7984K, reserved 1048576K
}
Event: 14.909 GC heap after
{Heap after GC invocations=27 (full 0):
 garbage-first heap   total 121856K, used 64394K [0x00000000c8e00000, 0x0000000100000000)
  region size 1024K, 4 young (4096K), 4 survivors (4096K)
 Metaspace       used 70620K, capacity 71424K, committed 71728K, reserved 1114112K
  class space    used 7582K, capacity 7919K, committed 7984K, reserved 1048576K
}
Event: 15.425 GC heap before
{Heap before GC invocations=27 (full 0):
 garbage-first heap   total 121856K, used 93066K [0x00000000c8e00000, 0x0000000100000000)
  region size 1024K, 32 young (32768K), 4 survivors (4096K)
 Metaspace       used 71580K, capacity 72458K, committed 72624K, reserved 1114112K
  class space    used 7674K, capacity 8030K, committed 8112K, reserved 1048576K
}
Event: 15.448 GC heap after
{Heap after GC invocations=28 (full 0):
 garbage-first heap   total 121856K, used 68366K [0x00000000c8e00000, 0x0000000100000000)
  region size 1024K, 4 young (4096K), 4 survivors (4096K)
 Metaspace       used 71580K, capacity 72458K, committed 72624K, reserved 1114112K
  class space    used 7674K, capacity 8030K, committed 8112K, reserved 1048576K
}
Event: 16.081 GC heap before
{Heap before GC invocations=29 (full 0):
 garbage-first heap   total 121856K, used 96014K [0x00000000c8e00000, 0x0000000100000000)
  region size 1024K, 31 young (31744K), 4 survivors (4096K)
 Metaspace       used 72143K, capacity 73034K, committed 73136K, reserved 1114112K
  class space    used 7702K, capacity 8030K, committed 8112K, reserved 1048576K
}
Event: 16.104 GC heap after
{Heap after GC invocations=30 (full 0):
 garbage-first heap   total 121856K, used 74450K [0x00000000c8e00000, 0x0000000100000000)
  region size 1024K, 4 young (4096K), 4 survivors (4096K)
 Metaspace       used 72143K, capacity 73034K, committed 73136K, reserved 1114112K
  class space    used 7702K, capacity 8030K, committed 8112K, reserved 1048576K
}

